<?xml version="1.0" encoding="UTF-8"?>
<!-- Generated by org.testng.reporters.JUnitReportReporter -->
<testsuite skipped="0" hostname="IBM878-PC09KLQZ" name="overAll.testCasePaypal" tests="1" failures="0" timestamp="27 May 2018 12:50:18 GMT" time="97.033" errors="0">
  <testcase name="payPal" time="97.033" classname="overAll.testCasePaypal"/>
</testsuite> <!-- overAll.testCasePaypal -->
